{"timestamp":"2021-08-31 13:18:34","message":"[production] Listening on this port 80","level":"info"}
{"timestamp":"2021-09-06 10:34:17","message":"[production] Listening on this port 80","level":"info"}
{"timestamp":"2021-09-06 10:37:50","message":"[production] Listening on this port 80","level":"info"}
{"timestamp":"2021-09-06 10:39:26","message":"[production] Listening on this port 80","level":"info"}
{"timestamp":"2021-09-06 10:39:56","message":"[production] Listening on this port 80","level":"info"}
{"timestamp":"2021-09-06 12:18:59","message":"[production] Listening on this port 80","level":"info"}
{"timestamp":"2021-09-06 12:52:16","message":"[production] Listening on this port 80","level":"info"}
{"timestamp":"2021-09-06 12:53:57","message":"[production] Listening on this port 80","level":"info"}
{"timestamp":"2021-09-06 14:38:28","message":"[production] Listening on this port 80","level":"info"}
{"timestamp":"2021-09-06 14:39:11","message":"[production] Listening on this port 80","level":"info"}
{"timestamp":"2021-09-06 14:42:07","message":"[production] Listening on this port 80","level":"info"}
{"timestamp":"2021-09-06 14:42:55","message":"[production] Listening on this port 80","level":"info"}
{"timestamp":"2021-09-06 14:47:40","message":"[production] Listening on this port 80","level":"info"}
{"timestamp":"2021-09-06 14:49:12","message":"[production] Listening on this port 80","level":"info"}
{"timestamp":"2021-09-06 14:50:51","message":"[production] Listening on this port 80","level":"info"}
{"timestamp":"2021-09-06 14:51:32","message":"[production] Listening on this port 80","level":"info"}
{"timestamp":"2021-09-06 14:51:40","message":"[production] Listening on this port 80","level":"info"}
{"timestamp":"2021-09-08 09:10:34","message":"[production] Listening on this port 80","level":"info"}
{"timestamp":"2021-09-08 17:38:05","message":"[production] Listening on this port 80","level":"info"}
{"timestamp":"2021-09-08 17:39:58","message":"[production] Listening on this port 80","level":"info"}
{"timestamp":"2021-09-08 17:40:16","message":"[production] Listening on this port 80","level":"info"}
{"timestamp":"2021-09-08 17:43:49","message":"[production] Listening on this port 80","level":"info"}
{"timestamp":"2021-09-08 17:44:23","message":"[production] Listening on this port 80","level":"info"}
{"timestamp":"2021-09-08 17:45:51","message":"[production] Listening on this port 80","level":"info"}
{"timestamp":"2021-09-08 17:46:33","message":"[production] Listening on this port 80","level":"info"}
{"timestamp":"2021-09-08 17:47:04","message":"[production] Listening on this port 80","level":"info"}
{"timestamp":"2021-09-08 17:47:25","message":"[production] Listening on this port 80","level":"info"}
{"timestamp":"2021-09-08 17:47:41","message":"[production] Listening on this port 80","level":"info"}
{"timestamp":"2021-09-08 17:48:03","message":"[production] Listening on this port 80","level":"info"}
{"timestamp":"2021-09-08 17:48:23","message":"[production] Listening on this port 80","level":"info"}
{"timestamp":"2021-09-08 17:50:23","message":"[production] Listening on this port 80","level":"info"}
{"timestamp":"2021-09-08 17:50:41","message":"[production] Listening on this port 80","level":"info"}
{"timestamp":"2021-09-08 17:51:01","message":"[production] Listening on this port 80","level":"info"}
{"timestamp":"2021-09-08 17:52:32","message":"[production] Listening on this port 80","level":"info"}
{"timestamp":"2021-09-08 17:52:45","message":"[production] Listening on this port 80","level":"info"}
{"timestamp":"2021-09-08 17:54:26","message":"[production] Listening on this port 80","level":"info"}
{"timestamp":"2021-09-08 17:54:51","message":"[production] Listening on this port 80","level":"info"}
{"timestamp":"2021-09-08 17:55:57","message":"[production] Listening on this port 80","level":"info"}
{"timestamp":"2021-09-08 17:56:07","message":"[production] Listening on this port 80","level":"info"}
{"timestamp":"2021-09-08 17:56:15","message":"[production] Listening on this port 80","level":"info"}
{"timestamp":"2021-09-08 17:57:18","message":"[production] Listening on this port 80","level":"info"}
{"timestamp":"2021-09-08 17:58:06","message":"[production] Listening on this port 80","level":"info"}
{"timestamp":"2021-09-08 17:58:32","message":"[production] Listening on this port 80","level":"info"}
{"timestamp":"2021-09-08 17:58:43","message":"[production] Listening on this port 80","level":"info"}
{"timestamp":"2021-09-08 17:58:44","message":"[production] Listening on this port 80","level":"info"}
{"timestamp":"2021-09-08 17:59:27","message":"[production] Listening on this port 80","level":"info"}
{"timestamp":"2021-09-08 17:59:45","message":"[production] Listening on this port 80","level":"info"}
{"timestamp":"2021-09-08 17:59:52","message":"[production] Listening on this port 80","level":"info"}
{"timestamp":"2021-09-08 18:00:18","message":"[production] Listening on this port 80","level":"info"}
{"timestamp":"2021-09-08 18:00:20","message":"[production] Listening on this port 80","level":"info"}
{"timestamp":"2021-09-08 18:01:05","message":"[production] Listening on this port 80","level":"info"}
{"timestamp":"2021-09-08 18:01:56","message":"[production] Listening on this port 80","level":"info"}
{"timestamp":"2021-09-08 18:03:51","message":"[production] Listening on this port 80","level":"info"}
{"timestamp":"2021-09-08 18:06:49","message":"[production] Listening on this port 80","level":"info"}
{"timestamp":"2021-09-08 18:11:20","message":"[production] Listening on this port 80","level":"info"}
{"timestamp":"2021-09-08 18:11:53","message":"[production] Listening on this port 80","level":"info"}
{"timestamp":"2021-09-08 18:12:36","message":"[production] Listening on this port 80","level":"info"}
{"timestamp":"2021-09-08 18:16:11","message":"[production] Listening on this port 80","level":"info"}
{"timestamp":"2021-09-08 18:17:19","message":"[production] Listening on this port 80","level":"info"}
{"timestamp":"2021-09-08 18:17:48","message":"[production] Listening on this port 80","level":"info"}
{"timestamp":"2021-09-08 18:19:17","message":"[production] Listening on this port 80","level":"info"}
{"timestamp":"2021-09-08 18:20:01","message":"[production] Listening on this port 80","level":"info"}
{"timestamp":"2021-09-08 18:22:02","message":"[production] Listening on this port 80","level":"info"}
{"timestamp":"2021-09-08 18:22:11","message":"[production] Listening on this port 80","level":"info"}
{"timestamp":"2021-09-08 18:23:59","message":"[production] Listening on this port 80","level":"info"}
{"timestamp":"2021-09-08 18:24:34","message":"[production] Listening on this port 80","level":"info"}
{"timestamp":"2021-09-08 18:24:43","message":"[production] Listening on this port 80","level":"info"}
{"timestamp":"2021-09-08 18:24:49","message":"[production] Listening on this port 80","level":"info"}
{"timestamp":"2021-09-08 18:25:50","message":"[production] Listening on this port 80","level":"info"}
{"timestamp":"2021-09-08 18:26:06","message":"[production] Listening on this port 80","level":"info"}
{"timestamp":"2021-09-08 18:26:19","message":"[production] Listening on this port 80","level":"info"}
{"timestamp":"2021-09-08 18:26:44","message":"[production] Listening on this port 80","level":"info"}
{"timestamp":"2021-09-08 18:27:04","message":"[production] Listening on this port 80","level":"info"}
{"timestamp":"2021-09-08 18:27:11","message":"[production] Listening on this port 80","level":"info"}
{"timestamp":"2021-09-08 18:27:19","message":"[production] Listening on this port 80","level":"info"}
{"timestamp":"2021-09-08 18:27:28","message":"[production] Listening on this port 80","level":"info"}
{"timestamp":"2021-09-08 18:27:41","message":"[production] Listening on this port 80","level":"info"}
{"timestamp":"2021-09-08 18:28:23","message":"[production] Listening on this port 80","level":"info"}
{"timestamp":"2021-09-08 18:29:37","message":"[production] Listening on this port 80","level":"info"}
{"timestamp":"2021-09-08 18:30:34","message":"[production] Listening on this port 80","level":"info"}
{"timestamp":"2021-09-08 18:39:09","message":"[production] Listening on this port 80","level":"info"}
{"timestamp":"2021-09-08 18:39:24","message":"[production] Listening on this port 80","level":"info"}
{"timestamp":"2021-09-08 18:42:05","message":"[production] Listening on this port 80","level":"info"}
{"timestamp":"2021-09-08 18:43:34","message":"[production] Listening on this port 80","level":"info"}
{"timestamp":"2021-09-08 18:46:29","message":"[production] Listening on this port 80","level":"info"}
{"timestamp":"2021-09-09 10:08:00","message":"[production] Listening on this port 80","level":"info"}
{"timestamp":"2021-09-09 11:05:06","message":"[production] Listening on this port 80","level":"info"}
{"timestamp":"2021-09-09 11:05:28","message":"[production] Listening on this port 80","level":"info"}
{"timestamp":"2021-09-09 11:05:41","message":"[production] Listening on this port 80","level":"info"}
{"timestamp":"2021-09-09 11:05:50","message":"[production] Listening on this port 80","level":"info"}
{"timestamp":"2021-09-09 11:09:06","message":"[production] Listening on this port 80","level":"info"}
{"timestamp":"2021-09-09 11:17:51","message":"[production] Listening on this port 80","level":"info"}
{"timestamp":"2021-09-09 11:49:47","message":"[production] Listening on this port 80","level":"info"}
{"timestamp":"2021-09-09 12:08:48","message":"[production] Listening on this port 80","level":"info"}
{"timestamp":"2021-09-09 12:11:13","message":"[production] Listening on this port 80","level":"info"}
{"timestamp":"2021-09-09 12:35:53","message":"[production] Listening on this port 80","level":"info"}
{"timestamp":"2021-09-09 12:54:27","message":"[production] Listening on this port 80","level":"info"}
{"timestamp":"2021-09-09 12:56:39","message":"[production] Listening on this port 80","level":"info"}
{"timestamp":"2021-09-09 12:58:41","message":"[production] Listening on this port 80","level":"info"}
{"timestamp":"2021-09-09 13:01:25","message":"[production] Listening on this port 80","level":"info"}
{"timestamp":"2021-09-09 13:18:49","message":"[production] Listening on this port 80","level":"info"}
{"timestamp":"2021-09-09 13:20:56","message":"[production] Listening on this port 80","level":"info"}
{"timestamp":"2021-09-09 13:20:58","message":"[production] Listening on this port 80","level":"info"}
{"timestamp":"2021-09-09 13:28:27","message":"[production] Listening on this port 80","level":"info"}
{"timestamp":"2021-09-09 13:28:28","message":"[production] Listening on this port 80","level":"info"}
{"timestamp":"2021-09-09 13:29:50","message":"[production] Listening on this port 80","level":"info"}
{"timestamp":"2021-09-09 14:00:34","message":"[production] Listening on this port 80","level":"info"}
{"timestamp":"2021-09-09 14:05:52","message":"[production] Listening on this port 80","level":"info"}
{"timestamp":"2021-09-09 17:00:26","message":"[production] Listening on this port 80","level":"info"}
{"timestamp":"2021-09-09 17:01:22","message":"[production] Listening on this port 80","level":"info"}
{"timestamp":"2021-09-21 12:10:07","message":"[production] Listening on this port 80","level":"info"}
{"timestamp":"2021-09-21 12:10:50","message":"[production] Listening on this port 80","level":"info"}
{"timestamp":"2021-09-21 12:11:24","message":"[production] Listening on this port 80","level":"info"}
{"timestamp":"2021-09-21 12:13:02","message":"[production] Listening on this port 80","level":"info"}
{"timestamp":"2022-03-15 08:48:34","message":"[production] Listening on this port 80","level":"info"}
{"timestamp":"2022-03-23 15:35:15","message":"[production] Listening on this port 80","level":"info"}
{"timestamp":"2022-03-23 18:10:04","message":"[production] Listening on this port 80","level":"info"}
{"timestamp":"2022-03-23 18:23:24","message":"[production] Listening on this port 80","level":"info"}
{"timestamp":"2022-03-23 18:24:32","message":"[production] Listening on this port 80","level":"info"}
{"timestamp":"2022-03-23 18:24:36","user":"fp","level":"info","message":"C:\\Users\\gsantiago\\Documents\\proyecto francisco\\api/scripts/venv/python C:\\Users\\gsantiago\\Documents\\proyecto francisco\\api/scripts/ml/get_file_status.py"}
{"timestamp":"2022-03-23 18:24:36","user":"fp","level":"error","message":{"killed":false,"code":1,"signal":null,"cmd":"C:\\Users\\gsantiago\\Documents\\proyecto francisco\\api/scripts/venv/python C:\\Users\\gsantiago\\Documents\\proyecto francisco\\api/scripts/ml/get_file_status.py"}}
{"timestamp":"2022-03-23 18:27:05","message":"[production] Listening on this port 80","level":"info"}
{"timestamp":"2022-03-23 18:27:40","user":"fp","level":"info","message":"C:\\Users\\gsantiago\\Documents\\proyectoFrancisco\\api/scripts/venv/python C:\\Users\\gsantiago\\Documents\\proyectoFrancisco\\api/scripts/ml/get_file_status.py"}
{"timestamp":"2022-03-23 18:27:40","user":"fp","level":"error","message":{"killed":false,"code":1,"signal":null,"cmd":"C:\\Users\\gsantiago\\Documents\\proyectoFrancisco\\api/scripts/venv/python C:\\Users\\gsantiago\\Documents\\proyectoFrancisco\\api/scripts/ml/get_file_status.py"}}
{"timestamp":"2022-03-23 18:28:32","message":"[production] Listening on this port 80","level":"info"}
{"timestamp":"2022-03-23 18:28:38","user":"fp","level":"info","message":"C:\\Users\\gsantiago\\Documents\\proyectoFrancisco\\api/scripts/venv/Scripts/python C:\\Users\\gsantiago\\Documents\\proyectoFrancisco\\api/scripts/ml/get_file_status.py"}
{"timestamp":"2022-03-23 18:29:58","message":"[production] Listening on this port 80","level":"info"}
{"timestamp":"2022-03-23 18:30:00","user":"fp","route":"getFileStatus","level":"info","message":"C:\\Users\\gsantiago\\Documents\\proyectoFrancisco\\api/scripts/venv/Scripts/python C:\\Users\\gsantiago\\Documents\\proyectoFrancisco\\api/scripts/ml/get_file_status.py"}
{"timestamp":"2022-03-23 18:30:21","user":"fp","route":"getFileStatus","level":"info","message":"C:\\Users\\gsantiago\\Documents\\proyectoFrancisco\\api/scripts/venv/Scripts/python C:\\Users\\gsantiago\\Documents\\proyectoFrancisco\\api/scripts/ml/get_file_status.py"}
{"timestamp":"2022-03-23 18:30:36","user":"fp","route":"getFileStatus","level":"info","message":"C:\\Users\\gsantiago\\Documents\\proyectoFrancisco\\api/scripts/venv/Scripts/python C:\\Users\\gsantiago\\Documents\\proyectoFrancisco\\api/scripts/ml/get_file_status.py"}
{"timestamp":"2022-03-23 18:39:37","user":"fp","route":"getFileStatus","level":"info","message":"C:\\Users\\gsantiago\\Documents\\proyectoFrancisco\\api/scripts/venv/Scripts/python C:\\Users\\gsantiago\\Documents\\proyectoFrancisco\\api/scripts/ml/get_file_status.py"}
{"timestamp":"2022-03-24 11:51:30","message":"[production] Listening on this port 80","level":"info"}
{"timestamp":"2022-03-24 11:57:34","user":"fp","route":"getFileStatus","level":"info","message":"D:\\Documentos\\proyectoFrancisco\\react-playground\\api/scripts/venv/Scripts/python D:\\Documentos\\proyectoFrancisco\\react-playground\\api/scripts/ml/get_file_status.py"}
{"timestamp":"2022-03-24 11:57:34","user":"fp","route":"getFileStatus","level":"error","message":{"killed":false,"code":1,"signal":null,"cmd":"D:\\Documentos\\proyectoFrancisco\\react-playground\\api/scripts/venv/Scripts/python D:\\Documentos\\proyectoFrancisco\\react-playground\\api/scripts/ml/get_file_status.py"}}
{"timestamp":"2022-03-24 12:00:32","message":"[production] Listening on this port 80","level":"info"}
{"timestamp":"2022-03-24 12:00:37","user":"fp","route":"getFileStatus","level":"info","message":"D:\\Documentos\\proyectoFrancisco\\react-playground\\api/scripts/venv/Scripts/python D:\\Documentos\\proyectoFrancisco\\react-playground\\api/scripts/ml/get_file_status.py"}
{"timestamp":"2022-03-24 12:00:38","user":"fp","route":"getFileStatus","level":"error","message":{"killed":false,"code":1,"signal":null,"cmd":"D:\\Documentos\\proyectoFrancisco\\react-playground\\api/scripts/venv/Scripts/python D:\\Documentos\\proyectoFrancisco\\react-playground\\api/scripts/ml/get_file_status.py"}}
{"timestamp":"2022-03-24 12:03:33","message":"[production] Listening on this port 80","level":"info"}
{"timestamp":"2022-03-24 12:03:37","user":"fp","route":"getFileStatus","level":"info","message":"D:\\Documentos\\proyectoFrancisco\\react-playground\\api/scripts/venv/Scripts/python D:\\Documentos\\proyectoFrancisco\\react-playground\\api/scripts/ml/get_file_status.py"}
{"timestamp":"2022-03-24 12:06:58","user":"fp","route":"getFileStatus","level":"info","message":"D:\\Documentos\\proyectoFrancisco\\react-playground\\api/scripts/venv/Scripts/python D:\\Documentos\\proyectoFrancisco\\react-playground\\api/scripts/ml/get_file_status.py"}
{"timestamp":"2022-03-24 12:07:21","user":"fp","route":"getFileStatus","level":"info","message":"D:\\Documentos\\proyectoFrancisco\\react-playground\\api/scripts/venv/Scripts/python D:\\Documentos\\proyectoFrancisco\\react-playground\\api/scripts/ml/get_file_status.py"}
{"timestamp":"2022-03-24 12:07:24","user":"fp","route":"getFileStatus","level":"info","message":"D:\\Documentos\\proyectoFrancisco\\react-playground\\api/scripts/venv/Scripts/python D:\\Documentos\\proyectoFrancisco\\react-playground\\api/scripts/ml/get_file_status.py"}
{"timestamp":"2022-03-24 12:07:30","user":"fp","route":"getFileStatus","level":"info","message":"D:\\Documentos\\proyectoFrancisco\\react-playground\\api/scripts/venv/Scripts/python D:\\Documentos\\proyectoFrancisco\\react-playground\\api/scripts/ml/get_file_status.py"}
{"timestamp":"2022-03-24 12:07:49","user":"fp","route":"getFileStatus","level":"info","message":"D:\\Documentos\\proyectoFrancisco\\react-playground\\api/scripts/venv/Scripts/python D:\\Documentos\\proyectoFrancisco\\react-playground\\api/scripts/ml/get_file_status.py"}
{"timestamp":"2022-03-24 12:07:55","user":"fp","route":"getFileStatus","level":"info","message":"D:\\Documentos\\proyectoFrancisco\\react-playground\\api/scripts/venv/Scripts/python D:\\Documentos\\proyectoFrancisco\\react-playground\\api/scripts/ml/get_file_status.py"}
{"timestamp":"2022-03-24 12:09:19","user":"fp","route":"getFileStatus","level":"info","message":"D:\\Documentos\\proyectoFrancisco\\react-playground\\api/scripts/venv/Scripts/python D:\\Documentos\\proyectoFrancisco\\react-playground\\api/scripts/ml/get_file_status.py"}
{"timestamp":"2022-03-24 12:09:37","user":"fp","route":"getFileStatus","level":"info","message":"D:\\Documentos\\proyectoFrancisco\\react-playground\\api/scripts/venv/Scripts/python D:\\Documentos\\proyectoFrancisco\\react-playground\\api/scripts/ml/get_file_status.py"}
{"timestamp":"2022-03-24 12:10:01","user":"fp","route":"getFileStatus","level":"info","message":"D:\\Documentos\\proyectoFrancisco\\react-playground\\api/scripts/venv/Scripts/python D:\\Documentos\\proyectoFrancisco\\react-playground\\api/scripts/ml/get_file_status.py"}
{"timestamp":"2022-03-24 12:11:16","user":"fp","route":"getFileStatus","level":"info","message":"D:\\Documentos\\proyectoFrancisco\\react-playground\\api/scripts/venv/Scripts/python D:\\Documentos\\proyectoFrancisco\\react-playground\\api/scripts/ml/get_file_status.py"}
{"timestamp":"2022-03-24 12:11:21","user":"fp","route":"getFileStatus","level":"info","message":"D:\\Documentos\\proyectoFrancisco\\react-playground\\api/scripts/venv/Scripts/python D:\\Documentos\\proyectoFrancisco\\react-playground\\api/scripts/ml/get_file_status.py"}
{"timestamp":"2022-03-24 12:11:43","user":"fp","route":"getFileStatus","level":"info","message":"D:\\Documentos\\proyectoFrancisco\\react-playground\\api/scripts/venv/Scripts/python D:\\Documentos\\proyectoFrancisco\\react-playground\\api/scripts/ml/get_file_status.py"}
{"timestamp":"2022-03-24 12:11:48","user":"fp","route":"getFileStatus","level":"info","message":"D:\\Documentos\\proyectoFrancisco\\react-playground\\api/scripts/venv/Scripts/python D:\\Documentos\\proyectoFrancisco\\react-playground\\api/scripts/ml/get_file_status.py"}
{"timestamp":"2022-03-24 12:18:54","user":"fp","route":"getFileStatus","level":"info","message":"D:\\Documentos\\proyectoFrancisco\\react-playground\\api/scripts/venv/Scripts/python D:\\Documentos\\proyectoFrancisco\\react-playground\\api/scripts/ml/get_file_status.py"}
{"timestamp":"2022-03-24 12:19:07","user":"fp","route":"getFileStatus","level":"info","message":"D:\\Documentos\\proyectoFrancisco\\react-playground\\api/scripts/venv/Scripts/python D:\\Documentos\\proyectoFrancisco\\react-playground\\api/scripts/ml/get_file_status.py"}
{"timestamp":"2022-03-24 12:20:00","user":"fp","route":"getFileStatus","level":"info","message":"D:\\Documentos\\proyectoFrancisco\\react-playground\\api/scripts/venv/Scripts/python D:\\Documentos\\proyectoFrancisco\\react-playground\\api/scripts/ml/get_file_status.py"}
{"timestamp":"2022-03-24 12:20:04","user":"fp","route":"getFileStatus","level":"info","message":"D:\\Documentos\\proyectoFrancisco\\react-playground\\api/scripts/venv/Scripts/python D:\\Documentos\\proyectoFrancisco\\react-playground\\api/scripts/ml/get_file_status.py"}
{"timestamp":"2022-03-24 12:21:26","user":"fp","route":"getFileStatus","level":"info","message":"D:\\Documentos\\proyectoFrancisco\\react-playground\\api/scripts/venv/Scripts/python D:\\Documentos\\proyectoFrancisco\\react-playground\\api/scripts/ml/get_file_status.py"}
{"timestamp":"2022-03-24 12:21:30","user":"fp","route":"getFileStatus","level":"info","message":"D:\\Documentos\\proyectoFrancisco\\react-playground\\api/scripts/venv/Scripts/python D:\\Documentos\\proyectoFrancisco\\react-playground\\api/scripts/ml/get_file_status.py"}
{"timestamp":"2022-03-24 12:22:38","user":"fp","route":"getFileStatus","level":"info","message":"D:\\Documentos\\proyectoFrancisco\\react-playground\\api/scripts/venv/Scripts/python D:\\Documentos\\proyectoFrancisco\\react-playground\\api/scripts/ml/get_file_status.py"}
{"timestamp":"2022-03-24 12:22:43","user":"fp","route":"getFileStatus","level":"info","message":"D:\\Documentos\\proyectoFrancisco\\react-playground\\api/scripts/venv/Scripts/python D:\\Documentos\\proyectoFrancisco\\react-playground\\api/scripts/ml/get_file_status.py"}
{"timestamp":"2022-03-24 12:23:39","user":"fp","route":"getFileStatus","level":"info","message":"D:\\Documentos\\proyectoFrancisco\\react-playground\\api/scripts/venv/Scripts/python D:\\Documentos\\proyectoFrancisco\\react-playground\\api/scripts/ml/get_file_status.py"}
{"timestamp":"2022-03-24 12:23:44","user":"fp","route":"getFileStatus","level":"info","message":"D:\\Documentos\\proyectoFrancisco\\react-playground\\api/scripts/venv/Scripts/python D:\\Documentos\\proyectoFrancisco\\react-playground\\api/scripts/ml/get_file_status.py"}
{"timestamp":"2022-03-24 12:24:06","user":"fp","route":"getFileStatus","level":"info","message":"D:\\Documentos\\proyectoFrancisco\\react-playground\\api/scripts/venv/Scripts/python D:\\Documentos\\proyectoFrancisco\\react-playground\\api/scripts/ml/get_file_status.py"}
{"timestamp":"2022-03-24 12:24:12","user":"fp","route":"getFileStatus","level":"info","message":"D:\\Documentos\\proyectoFrancisco\\react-playground\\api/scripts/venv/Scripts/python D:\\Documentos\\proyectoFrancisco\\react-playground\\api/scripts/ml/get_file_status.py"}
{"timestamp":"2022-03-24 12:24:32","user":"fp","route":"getFileStatus","level":"info","message":"D:\\Documentos\\proyectoFrancisco\\react-playground\\api/scripts/venv/Scripts/python D:\\Documentos\\proyectoFrancisco\\react-playground\\api/scripts/ml/get_file_status.py"}
{"timestamp":"2022-03-24 12:24:37","user":"fp","route":"getFileStatus","level":"info","message":"D:\\Documentos\\proyectoFrancisco\\react-playground\\api/scripts/venv/Scripts/python D:\\Documentos\\proyectoFrancisco\\react-playground\\api/scripts/ml/get_file_status.py"}
{"timestamp":"2022-03-24 12:24:40","user":"fp","route":"getFileStatus","level":"info","message":"D:\\Documentos\\proyectoFrancisco\\react-playground\\api/scripts/venv/Scripts/python D:\\Documentos\\proyectoFrancisco\\react-playground\\api/scripts/ml/get_file_status.py"}
{"timestamp":"2022-03-24 12:25:01","user":"fp","route":"getFileStatus","level":"info","message":"D:\\Documentos\\proyectoFrancisco\\react-playground\\api/scripts/venv/Scripts/python D:\\Documentos\\proyectoFrancisco\\react-playground\\api/scripts/ml/get_file_status.py"}
{"timestamp":"2022-03-24 12:26:42","user":"fp","route":"getFileStatus","level":"info","message":"D:\\Documentos\\proyectoFrancisco\\react-playground\\api/scripts/venv/Scripts/python D:\\Documentos\\proyectoFrancisco\\react-playground\\api/scripts/ml/get_file_status.py"}
{"timestamp":"2022-03-24 12:30:13","user":"fp","route":"getFileStatus","level":"info","message":"D:\\Documentos\\proyectoFrancisco\\react-playground\\api/scripts/venv/Scripts/python D:\\Documentos\\proyectoFrancisco\\react-playground\\api/scripts/ml/get_file_status.py"}
{"timestamp":"2022-03-24 12:30:17","user":"fp","route":"getFileStatus","level":"info","message":"D:\\Documentos\\proyectoFrancisco\\react-playground\\api/scripts/venv/Scripts/python D:\\Documentos\\proyectoFrancisco\\react-playground\\api/scripts/ml/get_file_status.py"}
{"timestamp":"2022-03-24 12:30:33","user":"fp","route":"getFileStatus","level":"info","message":"D:\\Documentos\\proyectoFrancisco\\react-playground\\api/scripts/venv/Scripts/python D:\\Documentos\\proyectoFrancisco\\react-playground\\api/scripts/ml/get_file_status.py"}
{"timestamp":"2022-03-24 12:31:40","user":"fp","route":"getFileStatus","level":"info","message":"D:\\Documentos\\proyectoFrancisco\\react-playground\\api/scripts/venv/Scripts/python D:\\Documentos\\proyectoFrancisco\\react-playground\\api/scripts/ml/get_file_status.py"}
{"timestamp":"2022-03-24 12:32:58","user":"fp","route":"getFileStatus","level":"info","message":"D:\\Documentos\\proyectoFrancisco\\react-playground\\api/scripts/venv/Scripts/python D:\\Documentos\\proyectoFrancisco\\react-playground\\api/scripts/ml/get_file_status.py"}
{"timestamp":"2022-03-24 12:33:01","user":"fp","route":"getFileStatus","level":"info","message":"D:\\Documentos\\proyectoFrancisco\\react-playground\\api/scripts/venv/Scripts/python D:\\Documentos\\proyectoFrancisco\\react-playground\\api/scripts/ml/get_file_status.py"}
{"timestamp":"2022-03-24 12:34:50","user":"fp","route":"getFileStatus","level":"info","message":"D:\\Documentos\\proyectoFrancisco\\react-playground\\api/scripts/venv/Scripts/python D:\\Documentos\\proyectoFrancisco\\react-playground\\api/scripts/ml/get_file_status.py"}
{"timestamp":"2022-03-24 12:34:53","user":"fp","route":"getFileStatus","level":"info","message":"D:\\Documentos\\proyectoFrancisco\\react-playground\\api/scripts/venv/Scripts/python D:\\Documentos\\proyectoFrancisco\\react-playground\\api/scripts/ml/get_file_status.py"}
{"timestamp":"2022-03-24 12:35:22","user":"fp","route":"getFileStatus","level":"info","message":"D:\\Documentos\\proyectoFrancisco\\react-playground\\api/scripts/venv/Scripts/python D:\\Documentos\\proyectoFrancisco\\react-playground\\api/scripts/ml/get_file_status.py"}
{"timestamp":"2022-03-24 12:35:26","user":"fp","route":"getFileStatus","level":"info","message":"D:\\Documentos\\proyectoFrancisco\\react-playground\\api/scripts/venv/Scripts/python D:\\Documentos\\proyectoFrancisco\\react-playground\\api/scripts/ml/get_file_status.py"}
{"timestamp":"2022-03-24 12:52:04","user":"fp","route":"getFileStatus","level":"info","message":"D:\\Documentos\\proyectoFrancisco\\react-playground\\api/scripts/venv/Scripts/python D:\\Documentos\\proyectoFrancisco\\react-playground\\api/scripts/ml/get_file_status.py"}
{"timestamp":"2022-03-24 12:53:16","user":"fp","route":"getFileStatus","level":"info","message":"D:\\Documentos\\proyectoFrancisco\\react-playground\\api/scripts/venv/Scripts/python D:\\Documentos\\proyectoFrancisco\\react-playground\\api/scripts/ml/get_file_status.py"}
{"timestamp":"2022-03-24 12:53:19","user":"fp","route":"getFileStatus","level":"info","message":"D:\\Documentos\\proyectoFrancisco\\react-playground\\api/scripts/venv/Scripts/python D:\\Documentos\\proyectoFrancisco\\react-playground\\api/scripts/ml/get_file_status.py"}
{"timestamp":"2022-03-24 12:54:46","user":"fp","route":"getFileStatus","level":"info","message":"D:\\Documentos\\proyectoFrancisco\\react-playground\\api/scripts/venv/Scripts/python D:\\Documentos\\proyectoFrancisco\\react-playground\\api/scripts/ml/get_file_status.py"}
{"timestamp":"2022-03-24 12:54:48","user":"fp","route":"getFileStatus","level":"info","message":"D:\\Documentos\\proyectoFrancisco\\react-playground\\api/scripts/venv/Scripts/python D:\\Documentos\\proyectoFrancisco\\react-playground\\api/scripts/ml/get_file_status.py"}
{"timestamp":"2022-03-24 12:55:09","user":"fp","route":"getFileStatus","level":"info","message":"D:\\Documentos\\proyectoFrancisco\\react-playground\\api/scripts/venv/Scripts/python D:\\Documentos\\proyectoFrancisco\\react-playground\\api/scripts/ml/get_file_status.py"}
{"timestamp":"2022-03-24 12:55:12","user":"fp","route":"getFileStatus","level":"info","message":"D:\\Documentos\\proyectoFrancisco\\react-playground\\api/scripts/venv/Scripts/python D:\\Documentos\\proyectoFrancisco\\react-playground\\api/scripts/ml/get_file_status.py"}
{"timestamp":"2022-03-24 12:55:35","user":"fp","route":"getFileStatus","level":"info","message":"D:\\Documentos\\proyectoFrancisco\\react-playground\\api/scripts/venv/Scripts/python D:\\Documentos\\proyectoFrancisco\\react-playground\\api/scripts/ml/get_file_status.py"}
{"timestamp":"2022-03-24 12:55:38","user":"fp","route":"getFileStatus","level":"info","message":"D:\\Documentos\\proyectoFrancisco\\react-playground\\api/scripts/venv/Scripts/python D:\\Documentos\\proyectoFrancisco\\react-playground\\api/scripts/ml/get_file_status.py"}
{"timestamp":"2022-03-24 12:56:33","user":"fp","route":"getFileStatus","level":"info","message":"D:\\Documentos\\proyectoFrancisco\\react-playground\\api/scripts/venv/Scripts/python D:\\Documentos\\proyectoFrancisco\\react-playground\\api/scripts/ml/get_file_status.py"}
{"timestamp":"2022-03-24 12:56:36","user":"fp","route":"getFileStatus","level":"info","message":"D:\\Documentos\\proyectoFrancisco\\react-playground\\api/scripts/venv/Scripts/python D:\\Documentos\\proyectoFrancisco\\react-playground\\api/scripts/ml/get_file_status.py"}
{"timestamp":"2022-03-24 12:57:51","user":"fp","route":"getFileStatus","level":"info","message":"D:\\Documentos\\proyectoFrancisco\\react-playground\\api/scripts/venv/Scripts/python D:\\Documentos\\proyectoFrancisco\\react-playground\\api/scripts/ml/get_file_status.py"}
{"timestamp":"2022-03-24 12:57:54","user":"fp","route":"getFileStatus","level":"info","message":"D:\\Documentos\\proyectoFrancisco\\react-playground\\api/scripts/venv/Scripts/python D:\\Documentos\\proyectoFrancisco\\react-playground\\api/scripts/ml/get_file_status.py"}
{"timestamp":"2022-03-24 12:58:10","user":"fp","route":"getFileStatus","level":"info","message":"D:\\Documentos\\proyectoFrancisco\\react-playground\\api/scripts/venv/Scripts/python D:\\Documentos\\proyectoFrancisco\\react-playground\\api/scripts/ml/get_file_status.py"}
{"timestamp":"2022-03-24 12:58:14","user":"fp","route":"getFileStatus","level":"info","message":"D:\\Documentos\\proyectoFrancisco\\react-playground\\api/scripts/venv/Scripts/python D:\\Documentos\\proyectoFrancisco\\react-playground\\api/scripts/ml/get_file_status.py"}
{"timestamp":"2022-03-24 12:58:30","user":"fp","route":"getFileStatus","level":"info","message":"D:\\Documentos\\proyectoFrancisco\\react-playground\\api/scripts/venv/Scripts/python D:\\Documentos\\proyectoFrancisco\\react-playground\\api/scripts/ml/get_file_status.py"}
{"timestamp":"2022-03-24 12:58:31","user":"fp","route":"getFileStatus","level":"info","message":"D:\\Documentos\\proyectoFrancisco\\react-playground\\api/scripts/venv/Scripts/python D:\\Documentos\\proyectoFrancisco\\react-playground\\api/scripts/ml/get_file_status.py"}
{"timestamp":"2022-03-24 13:02:23","user":"fp","route":"getFileStatus","level":"info","message":"D:\\Documentos\\proyectoFrancisco\\react-playground\\api/scripts/venv/Scripts/python D:\\Documentos\\proyectoFrancisco\\react-playground\\api/scripts/ml/get_file_status.py"}
{"timestamp":"2022-03-24 13:06:29","message":"[production] Listening on this port 80","level":"info"}
{"timestamp":"2022-03-24 13:06:42","user":"fp","route":"getFileStatus","level":"info","message":"D:\\Documentos\\proyectoFrancisco\\react-playground\\api/scripts/venv/Scripts/python D:\\Documentos\\proyectoFrancisco\\react-playground\\api/scripts/ml/get_file_status.py"}
{"timestamp":"2022-03-24 13:07:18","message":"[production] Listening on this port 80","level":"info"}
{"timestamp":"2022-03-24 13:07:23","user":"fp","route":"getFileStatus","level":"info","message":"D:\\Documentos\\proyectoFrancisco\\react-playground\\api/scripts/venv/Scripts/python D:\\Documentos\\proyectoFrancisco\\react-playground\\api/scripts/ml/get_file_status.py"}
{"timestamp":"2022-03-24 13:08:19","user":"fp","route":"getFileStatus","level":"info","message":"D:\\Documentos\\proyectoFrancisco\\react-playground\\api/scripts/venv/Scripts/python D:\\Documentos\\proyectoFrancisco\\react-playground\\api/scripts/ml/get_file_status.py"}
{"timestamp":"2022-03-24 13:09:06","user":"fp","route":"getFileStatus","level":"info","message":"D:\\Documentos\\proyectoFrancisco\\react-playground\\api/scripts/venv/Scripts/python D:\\Documentos\\proyectoFrancisco\\react-playground\\api/scripts/ml/get_file_status.py"}
{"timestamp":"2022-03-24 13:09:09","user":"fp","route":"getFileStatus","level":"info","message":"D:\\Documentos\\proyectoFrancisco\\react-playground\\api/scripts/venv/Scripts/python D:\\Documentos\\proyectoFrancisco\\react-playground\\api/scripts/ml/get_file_status.py"}
{"timestamp":"2022-03-24 13:09:43","message":"[production] Listening on this port 80","level":"info"}
{"timestamp":"2022-03-24 13:09:47","user":"fp","route":"getFileStatus","level":"info","message":"D:\\Documentos\\proyectoFrancisco\\react-playground\\api/scripts/venv/Scripts/python D:\\Documentos\\proyectoFrancisco\\react-playground\\api/scripts/ml/get_file_status.py"}
{"timestamp":"2022-03-24 13:11:36","user":"fp","route":"getFileStatus","level":"info","message":"D:\\Documentos\\proyectoFrancisco\\react-playground\\api/scripts/venv/Scripts/python D:\\Documentos\\proyectoFrancisco\\react-playground\\api/scripts/ml/get_file_status.py"}
{"timestamp":"2022-03-24 13:11:41","user":"fp","route":"getFileStatus","level":"info","message":"D:\\Documentos\\proyectoFrancisco\\react-playground\\api/scripts/venv/Scripts/python D:\\Documentos\\proyectoFrancisco\\react-playground\\api/scripts/ml/get_file_status.py"}
{"timestamp":"2022-03-24 13:12:09","user":"fp","route":"getFileStatus","level":"info","message":"D:\\Documentos\\proyectoFrancisco\\react-playground\\api/scripts/venv/Scripts/python D:\\Documentos\\proyectoFrancisco\\react-playground\\api/scripts/ml/get_file_status.py"}
{"timestamp":"2022-03-24 13:12:11","user":"fp","route":"getFileStatus","level":"info","message":"D:\\Documentos\\proyectoFrancisco\\react-playground\\api/scripts/venv/Scripts/python D:\\Documentos\\proyectoFrancisco\\react-playground\\api/scripts/ml/get_file_status.py"}
{"timestamp":"2022-03-24 13:12:34","user":"fp","route":"getFileStatus","level":"info","message":"D:\\Documentos\\proyectoFrancisco\\react-playground\\api/scripts/venv/Scripts/python D:\\Documentos\\proyectoFrancisco\\react-playground\\api/scripts/ml/get_file_status.py"}
{"timestamp":"2022-03-24 13:12:36","user":"fp","route":"getFileStatus","level":"info","message":"D:\\Documentos\\proyectoFrancisco\\react-playground\\api/scripts/venv/Scripts/python D:\\Documentos\\proyectoFrancisco\\react-playground\\api/scripts/ml/get_file_status.py"}
{"timestamp":"2022-03-24 13:24:13","message":"[production] Listening on this port 80","level":"info"}
{"timestamp":"2022-03-24 13:24:20","message":"[production] Listening on this port 80","level":"info"}
{"timestamp":"2022-03-24 13:24:23","user":"fp","route":"getFileStatus","level":"info","message":"D:\\Documentos\\proyectoFrancisco\\react-playground\\api/scripts/venv/Scripts/python D:\\Documentos\\proyectoFrancisco\\react-playground\\api/scripts/ml/get_file_status.py"}
{"timestamp":"2022-03-24 13:25:40","user":"fp","route":"getFileStatus","level":"info","message":"D:\\Documentos\\proyectoFrancisco\\react-playground\\api/scripts/venv/Scripts/python D:\\Documentos\\proyectoFrancisco\\react-playground\\api/scripts/ml/get_file_status.py"}
{"timestamp":"2022-03-24 13:25:42","user":"fp","route":"getFileStatus","level":"info","message":"D:\\Documentos\\proyectoFrancisco\\react-playground\\api/scripts/venv/Scripts/python D:\\Documentos\\proyectoFrancisco\\react-playground\\api/scripts/ml/get_file_status.py"}
{"timestamp":"2022-03-24 13:26:04","user":"fp","route":"getFileStatus","level":"info","message":"D:\\Documentos\\proyectoFrancisco\\react-playground\\api/scripts/venv/Scripts/python D:\\Documentos\\proyectoFrancisco\\react-playground\\api/scripts/ml/get_file_status.py"}
{"timestamp":"2022-03-24 13:26:18","message":"[production] Listening on this port 80","level":"info"}
{"timestamp":"2022-03-24 13:26:21","user":"fp","route":"getFileStatus","level":"info","message":"D:\\Documentos\\proyectoFrancisco\\react-playground\\api/scripts/venv/Scripts/python D:\\Documentos\\proyectoFrancisco\\react-playground\\api/scripts/ml/get_file_status.py"}
{"timestamp":"2022-03-24 13:28:19","message":"[production] Listening on this port 80","level":"info"}
{"timestamp":"2022-03-24 13:28:25","user":"fp","route":"getFileStatus","level":"info","message":"D:\\Documentos\\proyectoFrancisco\\react-playground\\api/scripts/venv/Scripts/python D:\\Documentos\\proyectoFrancisco\\react-playground\\api/scripts/ml/get_file_status.py"}
{"timestamp":"2022-03-24 13:33:32","message":"[production] Listening on this port 80","level":"info"}
{"timestamp":"2022-03-24 13:33:57","message":"[production] Listening on this port 80","level":"info"}
{"timestamp":"2022-03-24 13:34:01","user":"fp","route":"getFileStatus","level":"info","message":"D:\\Documentos\\proyectoFrancisco\\react-playground\\api/scripts/venv/Scripts/python D:\\Documentos\\proyectoFrancisco\\react-playground\\api/scripts/ml/get_file_status.py"}
{"timestamp":"2022-03-24 13:37:13","user":"fp","route":"getFileStatus","level":"info","message":"D:\\Documentos\\proyectoFrancisco\\react-playground\\api/scripts/venv/Scripts/python D:\\Documentos\\proyectoFrancisco\\react-playground\\api/scripts/ml/get_file_status.py"}
{"timestamp":"2022-03-24 13:38:44","user":"fp","route":"getFileStatus","level":"info","message":"D:\\Documentos\\proyectoFrancisco\\react-playground\\api/scripts/venv/Scripts/python D:\\Documentos\\proyectoFrancisco\\react-playground\\api/scripts/ml/get_file_status.py"}
{"timestamp":"2022-03-24 13:39:09","user":"fp","route":"getFileStatus","level":"info","message":"D:\\Documentos\\proyectoFrancisco\\react-playground\\api/scripts/venv/Scripts/python D:\\Documentos\\proyectoFrancisco\\react-playground\\api/scripts/ml/get_file_status.py"}
{"timestamp":"2022-03-24 13:39:09","user":"fp","route":"getFileStatus","level":"info","message":"D:\\Documentos\\proyectoFrancisco\\react-playground\\api/scripts/venv/Scripts/python D:\\Documentos\\proyectoFrancisco\\react-playground\\api/scripts/ml/get_file_status.py"}
{"timestamp":"2022-03-24 13:39:27","user":"fp","route":"getFileStatus","level":"info","message":"D:\\Documentos\\proyectoFrancisco\\react-playground\\api/scripts/venv/Scripts/python D:\\Documentos\\proyectoFrancisco\\react-playground\\api/scripts/ml/get_file_status.py"}
{"timestamp":"2022-03-24 13:39:34","user":"fp","route":"getFileStatus","level":"info","message":"D:\\Documentos\\proyectoFrancisco\\react-playground\\api/scripts/venv/Scripts/python D:\\Documentos\\proyectoFrancisco\\react-playground\\api/scripts/ml/get_file_status.py"}
{"timestamp":"2022-03-24 13:39:48","user":"fp","route":"getFileStatus","level":"info","message":"D:\\Documentos\\proyectoFrancisco\\react-playground\\api/scripts/venv/Scripts/python D:\\Documentos\\proyectoFrancisco\\react-playground\\api/scripts/ml/get_file_status.py"}
{"timestamp":"2022-03-24 13:39:52","user":"fp","route":"getFileStatus","level":"info","message":"D:\\Documentos\\proyectoFrancisco\\react-playground\\api/scripts/venv/Scripts/python D:\\Documentos\\proyectoFrancisco\\react-playground\\api/scripts/ml/get_file_status.py"}
{"timestamp":"2022-03-24 13:40:03","message":"[production] Listening on this port 80","level":"info"}
{"timestamp":"2022-03-24 13:40:06","user":"fp","route":"getFileStatus","level":"info","message":"D:\\Documentos\\proyectoFrancisco\\react-playground\\api/scripts/venv/Scripts/python D:\\Documentos\\proyectoFrancisco\\react-playground\\api/scripts/ml/get_file_status.py"}
{"timestamp":"2022-03-24 14:28:42","user":"fp","route":"getFileStatus","level":"info","message":"D:\\Documentos\\proyectoFrancisco\\react-playground\\api/scripts/venv/Scripts/python D:\\Documentos\\proyectoFrancisco\\react-playground\\api/scripts/ml/get_file_status.py"}
{"timestamp":"2022-03-24 14:30:26","user":"fp","route":"getFileStatus","level":"info","message":"D:\\Documentos\\proyectoFrancisco\\react-playground\\api/scripts/venv/Scripts/python D:\\Documentos\\proyectoFrancisco\\react-playground\\api/scripts/ml/get_file_status.py"}
{"timestamp":"2022-03-24 14:30:26","user":"fp","route":"getFileStatus","level":"info","message":"D:\\Documentos\\proyectoFrancisco\\react-playground\\api/scripts/venv/Scripts/python D:\\Documentos\\proyectoFrancisco\\react-playground\\api/scripts/ml/get_file_status.py"}
{"timestamp":"2022-03-24 14:30:29","user":"fp","route":"getFileStatus","level":"info","message":"D:\\Documentos\\proyectoFrancisco\\react-playground\\api/scripts/venv/Scripts/python D:\\Documentos\\proyectoFrancisco\\react-playground\\api/scripts/ml/get_file_status.py"}
{"timestamp":"2022-03-24 14:30:29","user":"fp","route":"getFileStatus","level":"info","message":"D:\\Documentos\\proyectoFrancisco\\react-playground\\api/scripts/venv/Scripts/python D:\\Documentos\\proyectoFrancisco\\react-playground\\api/scripts/ml/get_file_status.py"}
{"timestamp":"2022-03-24 14:31:04","user":"fp","route":"getFileStatus","level":"info","message":"D:\\Documentos\\proyectoFrancisco\\react-playground\\api/scripts/venv/Scripts/python D:\\Documentos\\proyectoFrancisco\\react-playground\\api/scripts/ml/get_file_status.py"}
{"timestamp":"2022-03-24 14:31:04","user":"fp","route":"getFileStatus","level":"info","message":"D:\\Documentos\\proyectoFrancisco\\react-playground\\api/scripts/venv/Scripts/python D:\\Documentos\\proyectoFrancisco\\react-playground\\api/scripts/ml/get_file_status.py"}
{"timestamp":"2022-03-24 14:31:06","user":"fp","route":"getFileStatus","level":"info","message":"D:\\Documentos\\proyectoFrancisco\\react-playground\\api/scripts/venv/Scripts/python D:\\Documentos\\proyectoFrancisco\\react-playground\\api/scripts/ml/get_file_status.py"}
{"timestamp":"2022-03-24 14:31:06","user":"fp","route":"getFileStatus","level":"info","message":"D:\\Documentos\\proyectoFrancisco\\react-playground\\api/scripts/venv/Scripts/python D:\\Documentos\\proyectoFrancisco\\react-playground\\api/scripts/ml/get_file_status.py"}
{"timestamp":"2022-03-24 14:31:20","user":"fp","route":"getFileStatus","level":"info","message":"D:\\Documentos\\proyectoFrancisco\\react-playground\\api/scripts/venv/Scripts/python D:\\Documentos\\proyectoFrancisco\\react-playground\\api/scripts/ml/get_file_status.py"}
{"timestamp":"2022-03-24 14:31:45","user":"fp","route":"getFileStatus","level":"info","message":"D:\\Documentos\\proyectoFrancisco\\react-playground\\api/scripts/venv/Scripts/python D:\\Documentos\\proyectoFrancisco\\react-playground\\api/scripts/ml/get_file_status.py"}
{"timestamp":"2022-03-24 14:31:45","user":"fp","route":"getFileStatus","level":"info","message":"D:\\Documentos\\proyectoFrancisco\\react-playground\\api/scripts/venv/Scripts/python D:\\Documentos\\proyectoFrancisco\\react-playground\\api/scripts/ml/get_file_status.py"}
{"timestamp":"2022-03-24 14:32:12","user":"fp","route":"getFileStatus","level":"info","message":"D:\\Documentos\\proyectoFrancisco\\react-playground\\api/scripts/venv/Scripts/python D:\\Documentos\\proyectoFrancisco\\react-playground\\api/scripts/ml/get_file_status.py"}
{"timestamp":"2022-03-24 14:32:12","user":"fp","route":"getFileStatus","level":"info","message":"D:\\Documentos\\proyectoFrancisco\\react-playground\\api/scripts/venv/Scripts/python D:\\Documentos\\proyectoFrancisco\\react-playground\\api/scripts/ml/get_file_status.py"}
{"timestamp":"2022-03-24 14:33:28","user":"fp","route":"getFileStatus","level":"info","message":"D:\\Documentos\\proyectoFrancisco\\react-playground\\api/scripts/venv/Scripts/python D:\\Documentos\\proyectoFrancisco\\react-playground\\api/scripts/ml/get_file_status.py"}
{"timestamp":"2022-03-24 14:34:04","user":"fp","route":"getFileStatus","level":"info","message":"D:\\Documentos\\proyectoFrancisco\\react-playground\\api/scripts/venv/Scripts/python D:\\Documentos\\proyectoFrancisco\\react-playground\\api/scripts/ml/get_file_status.py"}
{"timestamp":"2022-03-24 14:34:10","user":"fp","route":"getFileStatus","level":"info","message":"D:\\Documentos\\proyectoFrancisco\\react-playground\\api/scripts/venv/Scripts/python D:\\Documentos\\proyectoFrancisco\\react-playground\\api/scripts/ml/get_file_status.py"}
{"timestamp":"2022-03-24 14:34:22","user":"fp","route":"getFileStatus","level":"info","message":"D:\\Documentos\\proyectoFrancisco\\react-playground\\api/scripts/venv/Scripts/python D:\\Documentos\\proyectoFrancisco\\react-playground\\api/scripts/ml/get_file_status.py"}
{"timestamp":"2022-03-24 14:35:43","user":"fp","route":"getFileStatus","level":"info","message":"D:\\Documentos\\proyectoFrancisco\\react-playground\\api/scripts/venv/Scripts/python D:\\Documentos\\proyectoFrancisco\\react-playground\\api/scripts/ml/get_file_status.py"}
{"timestamp":"2022-03-24 14:36:50","user":"fp","route":"getFileStatus","level":"info","message":"D:\\Documentos\\proyectoFrancisco\\react-playground\\api/scripts/venv/Scripts/python D:\\Documentos\\proyectoFrancisco\\react-playground\\api/scripts/ml/get_file_status.py"}
{"timestamp":"2022-03-24 14:37:23","message":"[production] Listening on this port 80","level":"info"}
{"timestamp":"2022-03-24 14:37:25","user":"fp","route":"getFileStatus","level":"info","message":"D:\\Documentos\\proyectoFrancisco\\react-playground\\api/scripts/venv/Scripts/python D:\\Documentos\\proyectoFrancisco\\react-playground\\api/scripts/ml/get_file_status.py"}
{"timestamp":"2022-03-24 14:37:47","user":"fp","route":"getFileStatus","level":"info","message":"D:\\Documentos\\proyectoFrancisco\\react-playground\\api/scripts/venv/Scripts/python D:\\Documentos\\proyectoFrancisco\\react-playground\\api/scripts/ml/get_file_status.py"}
{"timestamp":"2022-03-24 14:39:07","message":"[production] Listening on this port 80","level":"info"}
{"timestamp":"2022-03-24 14:39:18","message":"[production] Listening on this port 80","level":"info"}
{"timestamp":"2022-03-24 14:39:20","user":"fp","route":"getFileStatus","level":"info","message":"D:\\Documentos\\proyectoFrancisco\\react-playground\\api/scripts/venv/Scripts/python D:\\Documentos\\proyectoFrancisco\\react-playground\\api/scripts/ml/get_file_status.py"}
{"timestamp":"2022-03-24 14:39:36","user":"fp","route":"getFileStatus","level":"info","message":"D:\\Documentos\\proyectoFrancisco\\react-playground\\api/scripts/venv/Scripts/python D:\\Documentos\\proyectoFrancisco\\react-playground\\api/scripts/ml/get_file_status.py --name 'dataset_prueba.csv'"}
{"timestamp":"2022-03-24 14:43:11","user":"fp","route":"getFileStatus","level":"info","message":"D:\\Documentos\\proyectoFrancisco\\react-playground\\api/scripts/venv/Scripts/python D:\\Documentos\\proyectoFrancisco\\react-playground\\api/scripts/ml/get_file_status.py --name 'dataset_prueba.csv'"}
{"timestamp":"2022-03-24 14:43:12","user":"fp","route":"getFileStatus","level":"error","message":{"killed":false,"code":1,"signal":null,"cmd":"D:\\Documentos\\proyectoFrancisco\\react-playground\\api/scripts/venv/Scripts/python D:\\Documentos\\proyectoFrancisco\\react-playground\\api/scripts/ml/get_file_status.py --name 'dataset_prueba.csv'"}}
{"timestamp":"2022-03-24 14:45:27","message":"[production] Listening on this port 80","level":"info"}
{"timestamp":"2022-03-24 14:45:31","user":"fp","route":"getFileStatus","level":"info","message":"D:\\Documentos\\proyectoFrancisco\\react-playground\\api/scripts/venv/Scripts/python D:\\Documentos\\proyectoFrancisco\\react-playground\\api/scripts/ml/get_file_status.py"}
{"timestamp":"2022-03-24 14:45:32","user":"fp","route":"getFileStatus","level":"error","message":{"killed":false,"code":1,"signal":null,"cmd":"D:\\Documentos\\proyectoFrancisco\\react-playground\\api/scripts/venv/Scripts/python D:\\Documentos\\proyectoFrancisco\\react-playground\\api/scripts/ml/get_file_status.py"}}
{"timestamp":"2022-03-24 14:46:41","message":"[production] Listening on this port 80","level":"info"}
{"timestamp":"2022-03-24 14:46:43","user":"fp","route":"getFileStatus","level":"info","message":"D:\\Documentos\\proyectoFrancisco\\react-playground\\api/scripts/venv/Scripts/python D:\\Documentos\\proyectoFrancisco\\react-playground\\api/scripts/ml/get_file_status.py"}
{"timestamp":"2022-03-24 14:46:48","user":"fp","route":"getFileStatus","level":"info","message":"D:\\Documentos\\proyectoFrancisco\\react-playground\\api/scripts/venv/Scripts/python D:\\Documentos\\proyectoFrancisco\\react-playground\\api/scripts/ml/get_file_status.py --name 'dataset_prueba.csv'"}
{"timestamp":"2022-03-24 14:46:49","user":"fp","route":"getFileStatus","level":"error","message":{"killed":false,"code":1,"signal":null,"cmd":"D:\\Documentos\\proyectoFrancisco\\react-playground\\api/scripts/venv/Scripts/python D:\\Documentos\\proyectoFrancisco\\react-playground\\api/scripts/ml/get_file_status.py --name 'dataset_prueba.csv'"}}
{"timestamp":"2022-03-24 14:47:47","message":"[production] Listening on this port 80","level":"info"}
{"timestamp":"2022-03-24 14:47:51","user":"fp","route":"getFileStatus","level":"info","message":"D:\\Documentos\\proyectoFrancisco\\react-playground\\api/scripts/venv/Scripts/python D:\\Documentos\\proyectoFrancisco\\react-playground\\api/scripts/ml/get_file_status.py"}
{"timestamp":"2022-03-24 14:47:58","user":"fp","route":"getFileStatus","level":"info","message":"D:\\Documentos\\proyectoFrancisco\\react-playground\\api/scripts/venv/Scripts/python D:\\Documentos\\proyectoFrancisco\\react-playground\\api/scripts/ml/get_file_status.py --name 'dataset_prueba.csv'"}
{"timestamp":"2022-03-24 14:47:59","user":"fp","route":"getFileStatus","level":"error","message":{"killed":false,"code":1,"signal":null,"cmd":"D:\\Documentos\\proyectoFrancisco\\react-playground\\api/scripts/venv/Scripts/python D:\\Documentos\\proyectoFrancisco\\react-playground\\api/scripts/ml/get_file_status.py --name 'dataset_prueba.csv'"}}
{"timestamp":"2022-03-24 14:49:32","message":"[production] Listening on this port 80","level":"info"}
{"timestamp":"2022-03-24 14:49:42","user":"fp","route":"getFileStatus","level":"error","message":{"killed":false,"code":1,"signal":null,"cmd":"D:\\Documentos\\proyectoFrancisco\\react-playground\\api/scripts/venv/Scripts/python D:\\Documentos\\proyectoFrancisco\\react-playground\\api/scripts/ml/get_file_status.py --name 'dataset_prueba.csv'"}}
{"timestamp":"2022-03-24 14:50:59","message":"[production] Listening on this port 80","level":"info"}
{"timestamp":"2022-03-24 14:51:11","message":"[production] Listening on this port 80","level":"info"}
{"timestamp":"2022-03-24 14:51:18","user":"fp","route":"getFileStatus","level":"error","message":{"killed":false,"code":1,"signal":null,"cmd":"D:\\Documentos\\proyectoFrancisco\\react-playground\\api/scripts/venv/Scripts/python D:\\Documentos\\proyectoFrancisco\\react-playground\\api/scripts/ml/get_file_status.py --name 'dataset_prueba.csv'"}}
{"timestamp":"2022-03-24 14:52:29","message":"[production] Listening on this port 80","level":"info"}
{"timestamp":"2022-03-24 14:52:36","user":"fp","route":"getFileStatus","level":"error","message":{"killed":false,"code":1,"signal":null,"cmd":"D:\\Documentos\\proyectoFrancisco\\react-playground\\api/scripts/venv/Scripts/python D:\\Documentos\\proyectoFrancisco\\react-playground\\api/scripts/ml/get_file_status.py --name 'dataset_prueba.csv'"}}
{"timestamp":"2022-03-24 14:53:42","message":"[production] Listening on this port 80","level":"info"}
{"timestamp":"2022-03-24 16:58:17","message":"[production] Listening on this port 80","level":"info"}
{"timestamp":"2022-03-24 17:10:17","message":"[production] Listening on this port 80","level":"info"}
{"timestamp":"2022-03-28 09:53:55","message":"[production] Listening on this port 80","level":"info"}
{"timestamp":"2022-03-28 10:15:28","message":"[production] Listening on this port 80","level":"info"}
{"timestamp":"2022-03-28 10:28:45","message":"[production] Listening on this port 80","level":"info"}
{"timestamp":"2022-03-28 10:30:26","message":"[production] Listening on this port 80","level":"info"}
{"timestamp":"2022-03-28 13:32:57","message":"[production] Listening on this port 80","level":"info"}
{"timestamp":"2022-03-28 13:59:35","message":"[production] Listening on this port 80","level":"info"}
{"timestamp":"2022-03-28 16:21:31","message":"[production] Listening on this port 80","level":"info"}
{"timestamp":"2022-03-28 16:26:27","user":"fp","route":"getPrediction","level":"error","message":{"killed":false,"code":1,"signal":null,"cmd":"C:/Users/gsantiago/Documents/proyectoFrancisco/venv/Scripts/python C:\\Users\\gsantiago\\Documents\\proyectoFrancisco\\api/scripts/ml/get_prediction.py"}}
{"timestamp":"2022-03-28 16:28:52","message":"[production] Listening on this port 80","level":"info"}
{"timestamp":"2022-03-28 16:29:11","message":"C:/Users/gsantiago/Documents/proyectoFrancisco/venv/Scripts/python C:\\Users\\gsantiago\\Documents\\proyectoFrancisco\\api/scripts/ml/get_prediction.py","level":"info"}
{"timestamp":"2022-03-28 16:32:53","user":"fp","route":"getPrediction","level":"error","message":{"killed":false,"code":1,"signal":null,"cmd":"C:/Users/gsantiago/Documents/proyectoFrancisco/venv/Scripts/python C:\\Users\\gsantiago\\Documents\\proyectoFrancisco\\api/scripts/ml/get_prediction.py"}}
{"timestamp":"2022-03-28 16:41:47","message":"[production] Listening on this port 80","level":"info"}
{"timestamp":"2022-03-28 16:41:52","message":"C:/Users/gsantiago/Documents/proyectoFrancisco/venv/Scripts/python C:\\Users\\gsantiago\\Documents\\proyectoFrancisco\\api/scripts/ml/get_prediction.py","level":"info"}
{"timestamp":"2022-03-28 16:41:54","user":"fp","route":"getPrediction","level":"error","message":{"code":"ERR_CHILD_PROCESS_STDIO_MAXBUFFER","cmd":"C:/Users/gsantiago/Documents/proyectoFrancisco/venv/Scripts/python C:\\Users\\gsantiago\\Documents\\proyectoFrancisco\\api/scripts/ml/get_prediction.py"}}
{"timestamp":"2022-03-28 16:43:13","message":"[production] Listening on this port 80","level":"info"}
{"timestamp":"2022-03-28 16:43:25","message":"C:/Users/gsantiago/Documents/proyectoFrancisco/venv/Scripts/python C:\\Users\\gsantiago\\Documents\\proyectoFrancisco\\api/scripts/ml/get_prediction.py","level":"info"}
{"timestamp":"2022-03-28 16:43:27","user":"fp","route":"getPrediction","level":"error","message":{"code":"ERR_CHILD_PROCESS_STDIO_MAXBUFFER","cmd":"C:/Users/gsantiago/Documents/proyectoFrancisco/venv/Scripts/python C:\\Users\\gsantiago\\Documents\\proyectoFrancisco\\api/scripts/ml/get_prediction.py"}}
{"timestamp":"2022-03-28 16:45:21","message":"[production] Listening on this port 80","level":"info"}
{"timestamp":"2022-03-28 16:45:34","message":"C:/Users/gsantiago/Documents/proyectoFrancisco/venv/Scripts/python C:\\Users\\gsantiago\\Documents\\proyectoFrancisco\\api/scripts/ml/get_prediction.py","level":"info"}
{"timestamp":"2022-03-28 16:46:45","message":"[production] Listening on this port 80","level":"info"}
{"timestamp":"2022-03-28 16:46:52","message":"C:/Users/gsantiago/Documents/proyectoFrancisco/venv/Scripts/python C:\\Users\\gsantiago\\Documents\\proyectoFrancisco\\api/scripts/ml/get_prediction.py","level":"info"}
{"timestamp":"2022-03-28 16:49:29","message":"[production] Listening on this port 80","level":"info"}
{"timestamp":"2022-03-28 16:49:38","message":"C:/Users/gsantiago/Documents/proyectoFrancisco/venv/Scripts/python C:\\Users\\gsantiago\\Documents\\proyectoFrancisco\\api/scripts/ml/get_prediction.py","level":"info"}
{"timestamp":"2022-03-28 16:50:17","message":"C:/Users/gsantiago/Documents/proyectoFrancisco/venv/Scripts/python C:\\Users\\gsantiago\\Documents\\proyectoFrancisco\\api/scripts/ml/get_prediction.py","level":"info"}
{"timestamp":"2022-03-28 16:52:48","message":"C:/Users/gsantiago/Documents/proyectoFrancisco/venv/Scripts/python C:\\Users\\gsantiago\\Documents\\proyectoFrancisco\\api/scripts/ml/get_prediction.py","level":"info"}
{"timestamp":"2022-03-28 17:10:58","message":"C:/Users/gsantiago/Documents/proyectoFrancisco/venv/Scripts/python C:\\Users\\gsantiago\\Documents\\proyectoFrancisco\\api/scripts/ml/get_prediction.py","level":"info"}
{"timestamp":"2022-03-28 18:23:52","message":"C:/Users/gsantiago/Documents/proyectoFrancisco/venv/Scripts/python C:\\Users\\gsantiago\\Documents\\proyectoFrancisco\\api/scripts/ml/get_prediction.py","level":"info"}
{"timestamp":"2022-03-28 18:48:27","message":"C:/Users/gsantiago/Documents/proyectoFrancisco/venv/Scripts/python C:\\Users\\gsantiago\\Documents\\proyectoFrancisco\\api/scripts/ml/get_prediction.py","level":"info"}
{"timestamp":"2022-03-28 19:05:45","message":"C:/Users/gsantiago/Documents/proyectoFrancisco/venv/Scripts/python C:\\Users\\gsantiago\\Documents\\proyectoFrancisco\\api/scripts/ml/get_prediction.py","level":"info"}
{"timestamp":"2022-03-31 10:09:49","message":"[production] Listening on this port 80","level":"info"}
{"timestamp":"2022-03-31 10:14:15","message":"[production] Listening on this port 80","level":"info"}
{"timestamp":"2022-03-31 20:53:19","message":"[production] Listening on this port 80","level":"info"}
{"timestamp":"2022-03-31 20:54:02","user":"fp","route":"uploadDataset","level":"error","message":{"killed":false,"code":1,"signal":null,"cmd":"C:\\Users\\gsantiago\\Documents\\proyectoFrancisco\\api/scripts/venv/Script/python C:\\Users\\gsantiago\\Documents\\proyectoFrancisco\\api/scripts/ml/prepare_upload.py"}}
{"timestamp":"2022-03-31 20:54:45","message":"[production] Listening on this port 80","level":"info"}
{"timestamp":"2022-03-31 20:54:52","user":"fp","route":"uploadDataset","level":"error","message":{"killed":false,"code":1,"signal":null,"cmd":"C:\\Users\\gsantiago\\Documents\\proyectoFrancisco\\api/scripts/venv/Script/python C:\\Users\\gsantiago\\Documents\\proyectoFrancisco\\api/scripts/ml/prepare_upload.py"}}
{"timestamp":"2022-03-31 20:56:13","message":"[production] Listening on this port 80","level":"info"}
{"timestamp":"2022-03-31 20:59:43","message":"C:/Users/gsantiago/Documents/proyectoFrancisco/venv/Scripts/python C:\\Users\\gsantiago\\Documents\\proyectoFrancisco\\api/scripts/ml/get_prediction.py --uploaded","level":"info"}
{"timestamp":"2022-03-31 21:02:37","message":"C:/Users/gsantiago/Documents/proyectoFrancisco/venv/Scripts/python C:\\Users\\gsantiago\\Documents\\proyectoFrancisco\\api/scripts/ml/get_prediction.py --uploaded","level":"info"}
{"timestamp":"2022-03-31 21:03:05","message":"C:/Users/gsantiago/Documents/proyectoFrancisco/venv/Scripts/python C:\\Users\\gsantiago\\Documents\\proyectoFrancisco\\api/scripts/ml/get_prediction.py","level":"info"}
{"timestamp":"2022-03-31 21:03:44","message":"C:/Users/gsantiago/Documents/proyectoFrancisco/venv/Scripts/python C:\\Users\\gsantiago\\Documents\\proyectoFrancisco\\api/scripts/ml/get_prediction.py","level":"info"}
{"timestamp":"2022-03-31 21:04:36","message":"C:/Users/gsantiago/Documents/proyectoFrancisco/venv/Scripts/python C:\\Users\\gsantiago\\Documents\\proyectoFrancisco\\api/scripts/ml/get_prediction.py --uploaded","level":"info"}
{"timestamp":"2022-03-31 21:10:46","message":"C:/Users/gsantiago/Documents/proyectoFrancisco/venv/Scripts/python C:\\Users\\gsantiago\\Documents\\proyectoFrancisco\\api/scripts/ml/get_prediction.py --uploaded","level":"info"}
{"timestamp":"2022-03-31 21:14:03","message":"C:/Users/gsantiago/Documents/proyectoFrancisco/venv/Scripts/python C:\\Users\\gsantiago\\Documents\\proyectoFrancisco\\api/scripts/ml/get_prediction.py --uploaded","level":"info"}
{"timestamp":"2022-03-31 21:26:07","message":"C:/Users/gsantiago/Documents/proyectoFrancisco/venv/Scripts/python C:\\Users\\gsantiago\\Documents\\proyectoFrancisco\\api/scripts/ml/get_prediction.py --uploaded","level":"info"}
{"timestamp":"2022-04-01 10:04:53","message":"[production] Listening on this port 80","level":"info"}
{"timestamp":"2022-04-01 10:08:21","message":"C:/Users/gsantiago/Documents/proyectoFrancisco/venv/Scripts/python D:\\Documentos\\proyectoFrancisco\\react-playground\\api/scripts/ml/get_prediction.py","level":"info"}
{"timestamp":"2022-04-01 10:08:21","user":"fp","route":"getPrediction","level":"error","message":{"killed":false,"code":1,"signal":null,"cmd":"C:/Users/gsantiago/Documents/proyectoFrancisco/venv/Scripts/python D:\\Documentos\\proyectoFrancisco\\react-playground\\api/scripts/ml/get_prediction.py"}}
{"timestamp":"2022-04-01 10:10:18","message":"[production] Listening on this port 80","level":"info"}
{"timestamp":"2022-04-01 10:10:20","message":"C:/Users/gsantiago/Documents/proyectoFrancisco/venv/Scripts/python D:\\Documentos\\proyectoFrancisco\\react-playground\\api/scripts/ml/get_prediction.py","level":"info"}
{"timestamp":"2022-04-01 10:10:20","user":"fp","route":"getPrediction","level":"error","message":{"killed":false,"code":1,"signal":null,"cmd":"C:/Users/gsantiago/Documents/proyectoFrancisco/venv/Scripts/python D:\\Documentos\\proyectoFrancisco\\react-playground\\api/scripts/ml/get_prediction.py"}}
{"timestamp":"2022-04-01 10:10:34","message":"[production] Listening on this port 80","level":"info"}
{"timestamp":"2022-04-01 10:10:34","user":"fp","route":"getPrediction","level":"error","message":{"killed":false,"code":1,"signal":null,"cmd":"C:/Users/gsantiago/Documents/proyectoFrancisco/venv/Scripts/python D:\\Documentos\\proyectoFrancisco\\react-playground\\api/scripts/ml/get_prediction.py"}}
{"timestamp":"2022-04-01 10:11:58","message":"[production] Listening on this port 80","level":"info"}
{"timestamp":"2022-04-01 10:12:21","user":"fp","route":"getPrediction","level":"error","message":{"killed":false,"code":1,"signal":null,"cmd":"D:\\Documentos\\proyectoFrancisco\\react-playground\\api/scripts/venv/Scripts/python D:\\Documentos\\proyectoFrancisco\\react-playground\\api/scripts/ml/get_prediction.py"}}
{"timestamp":"2022-04-01 10:15:29","message":"[production] Listening on this port 80","level":"info"}
{"timestamp":"2022-04-01 10:15:33","user":"fp","route":"getPrediction","level":"error","message":{"killed":false,"code":1,"signal":null,"cmd":"D:\\Documentos\\proyectoFrancisco\\react-playground\\api/scripts/venv/Scripts/python D:\\Documentos\\proyectoFrancisco\\react-playground\\api/scripts/ml/get_prediction.py"}}
{"timestamp":"2022-04-01 10:17:19","message":"[production] Listening on this port 80","level":"info"}
{"timestamp":"2022-04-01 10:17:23","user":"fp","route":"getPrediction","level":"error","message":{"killed":false,"code":1,"signal":null,"cmd":"D:\\Documentos\\proyectoFrancisco\\react-playground\\api/scripts/venv/Scripts/python D:\\Documentos\\proyectoFrancisco\\react-playground\\api/scripts/ml/get_prediction.py"}}
{"timestamp":"2022-04-01 10:18:25","message":"[production] Listening on this port 80","level":"info"}
{"timestamp":"2022-04-01 10:31:01","user":"fp","route":"uploadDataset","level":"error","message":{"killed":false,"code":1,"signal":null,"cmd":"D:\\Documentos\\proyectoFrancisco\\react-playground\\api/scripts/venv/Scripts/python D:\\Documentos\\proyectoFrancisco\\react-playground\\api/scripts/ml/prepare_upload.py"}}
{"timestamp":"2022-04-01 10:54:05","message":"[production] Listening on this port 80","level":"info"}
{"timestamp":"2022-04-01 11:20:48","user":"fp","route":"uploadDataset","level":"error","message":{"killed":false,"code":1,"signal":null,"cmd":"D:\\Documentos\\proyectoFrancisco\\react-playground\\api/scripts/venv/Scripts/python D:\\Documentos\\proyectoFrancisco\\react-playground\\api/scripts/ml/prepare_upload.py"}}
{"timestamp":"2022-04-01 11:20:57","message":"[production] Listening on this port 80","level":"info"}
{"timestamp":"2022-04-01 11:21:32","user":"fp","route":"uploadDataset","level":"error","message":{"killed":false,"code":1,"signal":null,"cmd":"D:\\Documentos\\proyectoFrancisco\\react-playground\\api/scripts/venv/Scripts/python D:\\Documentos\\proyectoFrancisco\\react-playground\\api/scripts/ml/prepare_upload.py"}}
{"timestamp":"2022-04-01 11:22:21","message":"[production] Listening on this port 80","level":"info"}
{"timestamp":"2022-04-01 11:25:16","message":"[production] Listening on this port 80","level":"info"}
{"timestamp":"2022-04-02 14:30:44","message":"[production] Listening on this port 80","level":"info"}
{"timestamp":"2022-04-03 11:39:30","message":"[production] Listening on this port 80","level":"info"}
{"timestamp":"2022-04-03 11:44:42","message":"[production] Listening on this port 80","level":"info"}
{"timestamp":"2022-04-03 11:52:19","message":"[production] Listening on this port 80","level":"info"}
{"timestamp":"2022-04-03 11:52:23","user":"fp","route":"getRawEE","level":"error","message":{"killed":false,"code":1,"signal":null,"cmd":"C:\\Users\\gsantiago\\Documents\\proyectoFrancisco\\api/scripts/venv/Scripts/python C:\\Users\\gsantiago\\Documents\\proyectoFrancisco\\api/scripts/ml/get_raw_ee.py"}}
{"timestamp":"2022-04-03 11:54:24","message":"[production] Listening on this port 80","level":"info"}
